Copyright 1986-2016 Xilinx, Inc. All Rights Reserved.
---------------------------------------------------------------------------------------------
| Tool Version : Vivado v.2016.1 (lin64) Build 1538259 Fri Apr  8 15:45:23 MDT 2016
| Date         : Tue Jun 21 00:20:30 2016
| Host         : menorca running 64-bit unknown
| Command      : report_control_sets -verbose -file design_1_wrapper_control_sets_placed.rpt
| Design       : design_1_wrapper
| Device       : xc7z020
---------------------------------------------------------------------------------------------

Control Set Information

Table of Contents
-----------------
1. Summary
2. Flip-Flop Distribution
3. Detailed Control Set Information

1. Summary
----------

+----------------------------------------------------------+-------+
|                          Status                          | Count |
+----------------------------------------------------------+-------+
| Number of unique control sets                            |    77 |
| Unused register locations in slices containing registers |    71 |
+----------------------------------------------------------+-------+


2. Flip-Flop Distribution
-------------------------

+--------------+-----------------------+------------------------+-----------------+--------------+
| Clock Enable | Synchronous Set/Reset | Asynchronous Set/Reset | Total Registers | Total Slices |
+--------------+-----------------------+------------------------+-----------------+--------------+
| No           | No                    | No                     |            4224 |         1085 |
| No           | No                    | Yes                    |            3753 |         1061 |
| No           | Yes                   | No                     |             113 |           37 |
| Yes          | No                    | No                     |            3626 |         1056 |
| Yes          | No                    | Yes                    |               0 |            0 |
| Yes          | Yes                   | No                     |             461 |          141 |
+--------------+-----------------------+------------------------+-----------------+--------------+


3. Detailed Control Set Information
-----------------------------------

+-------------------------------------------------+----------------------------------------------------------------------------------------------------------------------------------------------------------------+-----------------------------------------------------------------------------------------------------------------------------------------------------------+------------------+----------------+
|                   Clock Signal                  |                                                                          Enable Signal                                                                         |                                                                      Set/Reset Signal                                                                     | Slice Load Count | Bel Load Count |
+-------------------------------------------------+----------------------------------------------------------------------------------------------------------------------------------------------------------------+-----------------------------------------------------------------------------------------------------------------------------------------------------------+------------------+----------------+
|  design_1_i/processing_system7_0/inst/FCLK_CLK0 | design_1_i/processing_system7_0_axi_periph/s00_couplers/auto_pc/inst/gen_axilite.gen_b2s_conv.axilite_b2s/WR.b_channel_0/bid_fifo_0/bresp_push                 |                                                                                                                                                           |                1 |              2 |
|  design_1_i/processing_system7_0/inst/FCLK_CLK0 |                                                                                                                                                                | design_1_i/processing_system7_0_axi_periph/s00_couplers/auto_pc/inst/gen_axilite.gen_b2s_conv.axilite_b2s/SI_REG/ar_pipe/m_valid_i_reg_0                  |                2 |              4 |
|  design_1_i/processing_system7_0/inst/FCLK_CLK0 |                                                                                                                                                                | design_1_i/processing_system7_0_axi_periph/s00_couplers/auto_pc/inst/gen_axilite.gen_b2s_conv.axilite_b2s/SI_REG/aw_pipe/s_ready_i_reg_0                  |                2 |              4 |
|  design_1_i/processing_system7_0/inst/FCLK_CLK0 |                                                                                                                                                                | design_1_i/rst_processing_system7_0_100M/U0/EXT_LPF/lpf_int                                                                                               |                1 |              4 |
|  design_1_i/processing_system7_0/inst/FCLK_CLK0 | design_1_i/processing_system7_0_axi_periph/s00_couplers/auto_pc/inst/gen_axilite.gen_b2s_conv.axilite_b2s/WR.aw_channel_0/aw_cmd_fsm_0/axlen_cnt_reg[3][0]     | design_1_i/processing_system7_0_axi_periph/s00_couplers/auto_pc/inst/gen_axilite.gen_b2s_conv.axilite_b2s/WR.aw_channel_0/aw_cmd_fsm_0/axlen_cnt_reg[7]_1 |                1 |              4 |
|  design_1_i/processing_system7_0/inst/FCLK_CLK0 | design_1_i/processing_system7_0_axi_periph/s00_couplers/auto_pc/inst/gen_axilite.gen_b2s_conv.axilite_b2s/RD.ar_channel_0/ar_cmd_fsm_0/axlen_cnt_reg[3][0]     | design_1_i/processing_system7_0_axi_periph/s00_couplers/auto_pc/inst/gen_axilite.gen_b2s_conv.axilite_b2s/RD.ar_channel_0/ar_cmd_fsm_0/axlen_cnt_reg[7]   |                1 |              4 |
|  design_1_i/processing_system7_0/inst/FCLK_CLK0 | design_1_i/myip_0/inst/top0/ctrl/r_count_out[7]_i_1_n_0                                                                                                        | design_1_i/myip_0/inst/top0/core0/conv/tree/r_pixel24_reg[15]_rep_0                                                                                       |                1 |              5 |
|  design_1_i/processing_system7_0/inst/FCLK_CLK0 | design_1_i/rst_processing_system7_0_100M/U0/SEQ/seq_cnt_en                                                                                                     | design_1_i/rst_processing_system7_0_100M/U0/SEQ/SEQ_COUNTER/clear                                                                                         |                1 |              6 |
|  design_1_i/processing_system7_0/inst/FCLK_CLK0 | design_1_i/myip_0/inst/top0/ctrl/p_5_in                                                                                                                        | design_1_i/myip_0/inst/top0/ctrl/r_feat_addr_d0[6]_i_1_n_0                                                                                                |                1 |              7 |
|  design_1_i/processing_system7_0/inst/FCLK_CLK0 | design_1_i/myip_0/inst/myip_v1_0_S_AXI_inst/slv_reg1[31]_i_1_n_0                                                                                               | design_1_i/myip_0/inst/top0/core0/conv/tree/r_pixel24_reg[15]_rep_0                                                                                       |                4 |              8 |
|  design_1_i/processing_system7_0/inst/FCLK_CLK0 | design_1_i/myip_0/inst/top0/ctrl/p_9_in                                                                                                                        | design_1_i/myip_0/inst/top0/ctrl/r_conv_y[7]_i_1_n_0                                                                                                      |                2 |              8 |
|  design_1_i/processing_system7_0/inst/FCLK_CLK0 | design_1_i/myip_0/inst/myip_v1_0_S_AXI_inst/p_1_in[15]                                                                                                         | design_1_i/myip_0/inst/top0/core0/conv/tree/r_pixel24_reg[15]_rep_0                                                                                       |                3 |              8 |
|  design_1_i/processing_system7_0/inst/FCLK_CLK0 | design_1_i/myip_0/inst/myip_v1_0_S_AXI_inst/p_1_in[23]                                                                                                         | design_1_i/myip_0/inst/top0/core0/conv/tree/r_pixel24_reg[15]_rep_0                                                                                       |                1 |              8 |
|  design_1_i/processing_system7_0/inst/FCLK_CLK0 | design_1_i/myip_0/inst/myip_v1_0_S_AXI_inst/p_1_in[31]                                                                                                         | design_1_i/myip_0/inst/top0/core0/conv/tree/r_pixel24_reg[15]_rep_0                                                                                       |                4 |              8 |
|  design_1_i/processing_system7_0/inst/FCLK_CLK0 | design_1_i/myip_0/inst/myip_v1_0_S_AXI_inst/slv_reg1[15]_i_1_n_0                                                                                               | design_1_i/myip_0/inst/top0/core0/conv/tree/r_pixel24_reg[15]_rep_0                                                                                       |                3 |              8 |
|  design_1_i/processing_system7_0/inst/FCLK_CLK0 | design_1_i/myip_0/inst/myip_v1_0_S_AXI_inst/slv_reg1[23]_i_1_n_0                                                                                               | design_1_i/myip_0/inst/top0/core0/conv/tree/r_pixel24_reg[15]_rep_0                                                                                       |                1 |              8 |
|  design_1_i/processing_system7_0/inst/FCLK_CLK0 | design_1_i/myip_0/inst/myip_v1_0_S_AXI_inst/slv_reg2[15]_i_1_n_0                                                                                               | design_1_i/myip_0/inst/top0/core0/conv/tree/r_pixel24_reg[15]_rep_0                                                                                       |                2 |              8 |
|  design_1_i/processing_system7_0/inst/FCLK_CLK0 | design_1_i/myip_0/inst/myip_v1_0_S_AXI_inst/slv_reg1[7]_i_1_n_0                                                                                                | design_1_i/myip_0/inst/top0/core0/conv/tree/r_pixel24_reg[15]_rep_0                                                                                       |                3 |              8 |
|  design_1_i/processing_system7_0/inst/FCLK_CLK0 | design_1_i/myip_0/inst/myip_v1_0_S_AXI_inst/p_1_in[7]                                                                                                          | design_1_i/myip_0/inst/top0/core0/conv/tree/r_pixel24_reg[15]_rep_0                                                                                       |                4 |              8 |
|  design_1_i/processing_system7_0/inst/FCLK_CLK0 | design_1_i/myip_0/inst/top0/ctrl/p_12_in                                                                                                                       | design_1_i/myip_0/inst/top0/ctrl/r_wreg_y[7]_i_1_n_0                                                                                                      |                2 |              8 |
|  design_1_i/processing_system7_0/inst/FCLK_CLK0 | design_1_i/myip_0/inst/top0/ctrl/r_count_in[7]_i_1_n_0                                                                                                         | design_1_i/myip_0/inst/top0/core0/conv/tree/r_pixel24_reg[15]_rep_0                                                                                       |                2 |              8 |
|  design_1_i/processing_system7_0/inst/FCLK_CLK0 | design_1_i/myip_0/inst/top0/ctrl/r_conv_we_d00                                                                                                                 | design_1_i/myip_0/inst/top0/ctrl/r_pool_x[7]_i_1_n_0                                                                                                      |                2 |              8 |
|  design_1_i/processing_system7_0/inst/FCLK_CLK0 | design_1_i/myip_0/inst/top0/ctrl/r_pool_x                                                                                                                      | design_1_i/myip_0/inst/top0/ctrl/r_pool_y[7]_i_1_n_0                                                                                                      |                2 |              8 |
|  design_1_i/processing_system7_0/inst/FCLK_CLK0 | design_1_i/myip_0/inst/top0/ctrl/r_conv_x_reg[0]_0[0]                                                                                                          | design_1_i/myip_0/inst/top0/ctrl/r_conv_x[7]_i_1_n_0                                                                                                      |                2 |              8 |
|  design_1_i/processing_system7_0/inst/FCLK_CLK0 | design_1_i/myip_0/inst/top0/ctrl/r_wreg_x_reg[7]_0[0]                                                                                                          | design_1_i/myip_0/inst/top0/ctrl/r_wreg_x[7]_i_1_n_0                                                                                                      |                2 |              8 |
|  design_1_i/processing_system7_0/inst/FCLK_CLK0 | design_1_i/processing_system7_0_axi_periph/s00_couplers/auto_pc/inst/gen_axilite.gen_b2s_conv.axilite_b2s/RD.ar_channel_0/ar_cmd_fsm_0/axaddr_incr_reg[0]      |                                                                                                                                                           |                2 |              8 |
|  design_1_i/processing_system7_0/inst/FCLK_CLK0 | design_1_i/processing_system7_0_axi_periph/s00_couplers/auto_pc/inst/gen_axilite.gen_b2s_conv.axilite_b2s/RD.ar_channel_0/ar_cmd_fsm_0/E[0]                    |                                                                                                                                                           |                3 |              8 |
|  design_1_i/processing_system7_0/inst/FCLK_CLK0 | design_1_i/processing_system7_0_axi_periph/s00_couplers/auto_pc/inst/gen_axilite.gen_b2s_conv.axilite_b2s/WR.aw_channel_0/aw_cmd_fsm_0/axaddr_incr_reg[0]      |                                                                                                                                                           |                2 |              8 |
|  design_1_i/processing_system7_0/inst/FCLK_CLK0 | design_1_i/processing_system7_0_axi_periph/s00_couplers/auto_pc/inst/gen_axilite.gen_b2s_conv.axilite_b2s/WR.aw_channel_0/aw_cmd_fsm_0/E[0]                    |                                                                                                                                                           |                3 |              8 |
|  design_1_i/processing_system7_0/inst/FCLK_CLK0 | design_1_i/processing_system7_0_axi_periph/s00_couplers/auto_pc/inst/gen_axilite.gen_b2s_conv.axilite_b2s/WR.b_channel_0/mhandshake_r                          | design_1_i/processing_system7_0_axi_periph/s00_couplers/auto_pc/inst/gen_axilite.gen_b2s_conv.axilite_b2s/WR.b_channel_0/bid_fifo_0/SR[0]                 |                2 |              8 |
|  design_1_i/processing_system7_0/inst/FCLK_CLK0 | design_1_i/myip_0/inst/myip_v1_0_S_AXI_inst/slv_reg5[31]_i_1_n_0                                                                                               | design_1_i/myip_0/inst/top0/core0/conv/tree/r_pixel24_reg[15]_rep_0                                                                                       |                2 |              8 |
|  design_1_i/processing_system7_0/inst/FCLK_CLK0 | design_1_i/myip_0/inst/myip_v1_0_S_AXI_inst/slv_reg6[7]_i_1_n_0                                                                                                | design_1_i/myip_0/inst/top0/core0/conv/tree/r_pixel24_reg[15]_rep_0                                                                                       |                2 |              8 |
|  design_1_i/processing_system7_0/inst/FCLK_CLK0 | design_1_i/myip_0/inst/myip_v1_0_S_AXI_inst/slv_reg7[15]_i_1_n_0                                                                                               | design_1_i/myip_0/inst/top0/core0/conv/tree/r_pixel24_reg[15]_rep_0                                                                                       |                3 |              8 |
|  design_1_i/processing_system7_0/inst/FCLK_CLK0 | design_1_i/myip_0/inst/myip_v1_0_S_AXI_inst/slv_reg6[31]_i_1_n_0                                                                                               | design_1_i/myip_0/inst/top0/core0/conv/tree/r_pixel24_reg[15]_rep_0                                                                                       |                3 |              8 |
|  design_1_i/processing_system7_0/inst/FCLK_CLK0 | design_1_i/myip_0/inst/myip_v1_0_S_AXI_inst/slv_reg2[23]_i_1_n_0                                                                                               | design_1_i/myip_0/inst/top0/core0/conv/tree/r_pixel24_reg[15]_rep_0                                                                                       |                1 |              8 |
|  design_1_i/processing_system7_0/inst/FCLK_CLK0 | design_1_i/myip_0/inst/myip_v1_0_S_AXI_inst/slv_reg6[23]_i_1_n_0                                                                                               | design_1_i/myip_0/inst/top0/core0/conv/tree/r_pixel24_reg[15]_rep_0                                                                                       |                2 |              8 |
|  design_1_i/processing_system7_0/inst/FCLK_CLK0 | design_1_i/myip_0/inst/myip_v1_0_S_AXI_inst/slv_reg7[23]_i_1_n_0                                                                                               | design_1_i/myip_0/inst/top0/core0/conv/tree/r_pixel24_reg[15]_rep_0                                                                                       |                2 |              8 |
|  design_1_i/processing_system7_0/inst/FCLK_CLK0 | design_1_i/myip_0/inst/myip_v1_0_S_AXI_inst/slv_reg7[31]_i_1_n_0                                                                                               | design_1_i/myip_0/inst/top0/core0/conv/tree/r_pixel24_reg[15]_rep_0                                                                                       |                4 |              8 |
|  design_1_i/processing_system7_0/inst/FCLK_CLK0 | design_1_i/myip_0/inst/myip_v1_0_S_AXI_inst/slv_reg6[15]_i_1_n_0                                                                                               | design_1_i/myip_0/inst/top0/core0/conv/tree/r_pixel24_reg[15]_rep_0                                                                                       |                2 |              8 |
|  design_1_i/processing_system7_0/inst/FCLK_CLK0 | design_1_i/myip_0/inst/myip_v1_0_S_AXI_inst/slv_reg5[7]_i_1_n_0                                                                                                | design_1_i/myip_0/inst/top0/core0/conv/tree/r_pixel24_reg[15]_rep_0                                                                                       |                1 |              8 |
|  design_1_i/processing_system7_0/inst/FCLK_CLK0 | design_1_i/myip_0/inst/myip_v1_0_S_AXI_inst/slv_reg7[7]_i_1_n_0                                                                                                | design_1_i/myip_0/inst/top0/core0/conv/tree/r_pixel24_reg[15]_rep_0                                                                                       |                3 |              8 |
|  design_1_i/processing_system7_0/inst/FCLK_CLK0 | design_1_i/myip_0/inst/myip_v1_0_S_AXI_inst/slv_reg5[23]_i_1_n_0                                                                                               | design_1_i/myip_0/inst/top0/core0/conv/tree/r_pixel24_reg[15]_rep_0                                                                                       |                1 |              8 |
|  design_1_i/processing_system7_0/inst/FCLK_CLK0 | design_1_i/myip_0/inst/myip_v1_0_S_AXI_inst/slv_reg5[15]_i_1_n_0                                                                                               | design_1_i/myip_0/inst/top0/core0/conv/tree/r_pixel24_reg[15]_rep_0                                                                                       |                3 |              8 |
|  design_1_i/processing_system7_0/inst/FCLK_CLK0 | design_1_i/myip_0/inst/myip_v1_0_S_AXI_inst/slv_reg4[7]_i_1_n_0                                                                                                | design_1_i/myip_0/inst/top0/core0/conv/tree/r_pixel24_reg[15]_rep_0                                                                                       |                4 |              8 |
|  design_1_i/processing_system7_0/inst/FCLK_CLK0 | design_1_i/myip_0/inst/myip_v1_0_S_AXI_inst/slv_reg4[31]_i_1_n_0                                                                                               | design_1_i/myip_0/inst/top0/core0/conv/tree/r_pixel24_reg[15]_rep_0                                                                                       |                3 |              8 |
|  design_1_i/processing_system7_0/inst/FCLK_CLK0 | design_1_i/myip_0/inst/myip_v1_0_S_AXI_inst/slv_reg4[23]_i_1_n_0                                                                                               | design_1_i/myip_0/inst/top0/core0/conv/tree/r_pixel24_reg[15]_rep_0                                                                                       |                2 |              8 |
|  design_1_i/processing_system7_0/inst/FCLK_CLK0 | design_1_i/myip_0/inst/myip_v1_0_S_AXI_inst/slv_reg4[15]_i_1_n_0                                                                                               | design_1_i/myip_0/inst/top0/core0/conv/tree/r_pixel24_reg[15]_rep_0                                                                                       |                1 |              8 |
|  design_1_i/processing_system7_0/inst/FCLK_CLK0 | design_1_i/myip_0/inst/myip_v1_0_S_AXI_inst/slv_reg3[7]_i_1_n_0                                                                                                | design_1_i/myip_0/inst/top0/core0/conv/tree/r_pixel24_reg[15]_rep_0                                                                                       |                3 |              8 |
|  design_1_i/processing_system7_0/inst/FCLK_CLK0 | design_1_i/myip_0/inst/myip_v1_0_S_AXI_inst/slv_reg3[31]_i_1_n_0                                                                                               | design_1_i/myip_0/inst/top0/core0/conv/tree/r_pixel24_reg[15]_rep_0                                                                                       |                2 |              8 |
|  design_1_i/processing_system7_0/inst/FCLK_CLK0 | design_1_i/myip_0/inst/myip_v1_0_S_AXI_inst/slv_reg3[23]_i_1_n_0                                                                                               | design_1_i/myip_0/inst/top0/core0/conv/tree/r_pixel24_reg[15]_rep_0                                                                                       |                2 |              8 |
|  design_1_i/processing_system7_0/inst/FCLK_CLK0 | design_1_i/myip_0/inst/myip_v1_0_S_AXI_inst/slv_reg3[15]_i_1_n_0                                                                                               | design_1_i/myip_0/inst/top0/core0/conv/tree/r_pixel24_reg[15]_rep_0                                                                                       |                2 |              8 |
|  design_1_i/processing_system7_0/inst/FCLK_CLK0 | design_1_i/myip_0/inst/myip_v1_0_S_AXI_inst/slv_reg2[7]_i_1_n_0                                                                                                | design_1_i/myip_0/inst/top0/core0/conv/tree/r_pixel24_reg[15]_rep_0                                                                                       |                4 |              8 |
|  design_1_i/processing_system7_0/inst/FCLK_CLK0 | design_1_i/myip_0/inst/myip_v1_0_S_AXI_inst/slv_reg2[31]_i_1_n_0                                                                                               | design_1_i/myip_0/inst/top0/core0/conv/tree/r_pixel24_reg[15]_rep_0                                                                                       |                2 |              8 |
|  design_1_i/processing_system7_0/inst/FCLK_CLK0 | design_1_i/myip_0/inst/top0/ctrl/r_output_addr_reg[9]_0[0]                                                                                                     | design_1_i/myip_0/inst/top0/ctrl/r_output_addr[9]_i_1_n_0                                                                                                 |                2 |             10 |
|  design_1_i/processing_system7_0/inst/FCLK_CLK0 | design_1_i/myip_0/inst/top0/ctrl/r_input_addr[0]_i_1_n_0                                                                                                       | design_1_i/myip_0/inst/top0/core0/conv/tree/r_pixel24_reg[15]_rep_0                                                                                       |                3 |             12 |
|  design_1_i/processing_system7_0/inst/FCLK_CLK0 | design_1_i/processing_system7_0_axi_periph/s00_couplers/auto_pc/inst/gen_axilite.gen_b2s_conv.axilite_b2s/RD.r_channel_0/r_push_r                              |                                                                                                                                                           |                4 |             13 |
|  design_1_i/processing_system7_0/inst/FCLK_CLK0 | design_1_i/myip_0/inst/top0/ctrl/r_weight_addr[0]_i_1_n_0                                                                                                      | design_1_i/myip_0/inst/top0/core0/conv/tree/r_pixel24_reg[15]_rep_0                                                                                       |                4 |             13 |
|  design_1_i/processing_system7_0/inst/FCLK_CLK0 | design_1_i/processing_system7_0_axi_periph/s00_couplers/auto_pc/inst/gen_axilite.gen_b2s_conv.axilite_b2s/SI_REG/b_pipe/skid_buffer_reg[0]_0                   |                                                                                                                                                           |                3 |             14 |
|  design_1_i/processing_system7_0/inst/FCLK_CLK0 | design_1_i/processing_system7_0_axi_periph/s00_couplers/auto_pc/inst/gen_axilite.gen_b2s_conv.axilite_b2s/SI_REG/b_pipe/p_1_in                                 |                                                                                                                                                           |                3 |             14 |
|  design_1_i/processing_system7_0/inst/FCLK_CLK0 | design_1_i/processing_system7_0_axi_periph/s00_couplers/auto_pc/inst/gen_axilite.gen_b2s_conv.axilite_b2s/RD.ar_channel_0/ar_cmd_fsm_0/axlen_cnt_reg[3][0]     |                                                                                                                                                           |                5 |             16 |
|  design_1_i/processing_system7_0/inst/FCLK_CLK0 | design_1_i/processing_system7_0_axi_periph/s00_couplers/auto_pc/inst/gen_axilite.gen_b2s_conv.axilite_b2s/WR.aw_channel_0/aw_cmd_fsm_0/axlen_cnt_reg[3][0]     |                                                                                                                                                           |                6 |             16 |
|  design_1_i/processing_system7_0/inst/FCLK_CLK0 | design_1_i/processing_system7_0_axi_periph/s00_couplers/auto_pc/inst/gen_axilite.gen_b2s_conv.axilite_b2s/WR.aw_channel_0/aw_cmd_fsm_0/axlen_cnt_reg[7]_2      |                                                                                                                                                           |                5 |             20 |
|  design_1_i/processing_system7_0/inst/FCLK_CLK0 | design_1_i/processing_system7_0_axi_periph/s00_couplers/auto_pc/inst/gen_axilite.gen_b2s_conv.axilite_b2s/RD.ar_channel_0/ar_cmd_fsm_0/m_payload_i_reg[0]_1[0] |                                                                                                                                                           |                6 |             28 |
|  design_1_i/processing_system7_0/inst/FCLK_CLK0 | design_1_i/processing_system7_0_axi_periph/s00_couplers/auto_pc/inst/gen_axilite.gen_b2s_conv.axilite_b2s/WR.aw_channel_0/aw_cmd_fsm_0/m_payload_i_reg[0][0]   |                                                                                                                                                           |                7 |             28 |
|  design_1_i/processing_system7_0/inst/FCLK_CLK0 | design_1_i/processing_system7_0_axi_periph/s00_couplers/auto_pc/inst/gen_axilite.gen_b2s_conv.axilite_b2s/SI_REG/ar_pipe/skid_buffer_reg[0]_0                  |                                                                                                                                                           |                9 |             28 |
|  design_1_i/processing_system7_0/inst/FCLK_CLK0 | design_1_i/processing_system7_0_axi_periph/s00_couplers/auto_pc/inst/gen_axilite.gen_b2s_conv.axilite_b2s/SI_REG/aw_pipe/skid_buffer_reg[0]_0                  |                                                                                                                                                           |                7 |             28 |
|  design_1_i/processing_system7_0/inst/FCLK_CLK0 | design_1_i/myip_0/inst/myip_v1_0_S_AXI_inst/slv_reg_rden__0                                                                                                    | design_1_i/myip_0/inst/top0/core0/conv/tree/r_pixel24_reg[15]_rep_0                                                                                       |               18 |             32 |
|  design_1_i/processing_system7_0/inst/FCLK_CLK0 | design_1_i/processing_system7_0_axi_periph/s00_couplers/auto_pc/inst/gen_axilite.gen_b2s_conv.axilite_b2s/RD.r_channel_0/rd_data_fifo_0/wr_en0                 |                                                                                                                                                           |                9 |             34 |
|  design_1_i/processing_system7_0/inst/FCLK_CLK0 | design_1_i/processing_system7_0_axi_periph/s00_couplers/auto_pc/inst/gen_axilite.gen_b2s_conv.axilite_b2s/SI_REG/r_pipe/skid_buffer_reg[0]_0                   |                                                                                                                                                           |                7 |             47 |
|  design_1_i/processing_system7_0/inst/FCLK_CLK0 | design_1_i/processing_system7_0_axi_periph/s00_couplers/auto_pc/inst/gen_axilite.gen_b2s_conv.axilite_b2s/SI_REG/r_pipe/p_1_in                                 |                                                                                                                                                           |                8 |             47 |
|  design_1_i/processing_system7_0/inst/FCLK_CLK0 | design_1_i/myip_0/inst/top0/ctrl/r_input_addr2                                                                                                                 | design_1_i/myip_0/inst/top0/core0/conv/tree/r_pixel24_reg[15]_rep_0                                                                                       |               14 |             48 |
|  design_1_i/processing_system7_0/inst/FCLK_CLK0 |                                                                                                                                                                | design_1_i/processing_system7_0_axi_periph/s00_couplers/auto_pc/inst/gen_axilite.gen_b2s_conv.axilite_b2s/areset_d1                                       |               12 |             59 |
|  design_1_i/processing_system7_0/inst/FCLK_CLK0 | design_1_i/myip_0/inst/top0/ctrl/r_pool_we_d9_reg_0[0]                                                                                                         |                                                                                                                                                           |               52 |            128 |
|  design_1_i/processing_system7_0/inst/FCLK_CLK0 | design_1_i/myip_0/inst/top0/ctrl/E[0]                                                                                                                          |                                                                                                                                                           |               32 |            128 |
|  design_1_i/processing_system7_0/inst/FCLK_CLK0 | design_1_i/myip_0/inst/top0/ctrl/wreg_we                                                                                                                       |                                                                                                                                                           |              901 |           3072 |
|  design_1_i/processing_system7_0/inst/FCLK_CLK0 |                                                                                                                                                                | design_1_i/myip_0/inst/top0/core0/conv/tree/r_pixel24_reg[15]_rep_0                                                                                       |             1081 |           3795 |
|  design_1_i/processing_system7_0/inst/FCLK_CLK0 |                                                                                                                                                                |                                                                                                                                                           |             1113 |           4429 |
+-------------------------------------------------+----------------------------------------------------------------------------------------------------------------------------------------------------------------+-----------------------------------------------------------------------------------------------------------------------------------------------------------+------------------+----------------+


